<?xml version="1.0" encoding="UTF-8"?>
<!-- Generated by org.testng.reporters.JUnitReportReporter -->
<testsuite hostname="Pavel" name="T6_Create_An_Email" tests="8" failures="0" timestamp="2 Jul 2015 16:31:34 GMT" time="52.866" errors="0">
  <testcase name="click_CreateAMessage" time="1.290" classname="T6_Create_An_Email"/>
  <testcase name="edit_Email_Subject" time="0.494" classname="T6_Create_An_Email"/>
  <testcase name="edit_Email_Content" time="0.181" classname="T6_Create_An_Email"/>
  <testcase name="click_TestMessage" time="21.922" classname="T6_Create_An_Email"/>
  <testcase name="confirm_ReceiptOfTestEmail" time="4.553" classname="T6_Create_An_Email"/>
  <testcase name="click_CreateTextOnlyEmail" time="23.463" classname="T6_Create_An_Email"/>
  <testcase name="edit_Email_MessageName" time="0.231" classname="T6_Create_An_Email"/>
  <testcase name="click_Email" time="0.732" classname="T6_Create_An_Email"/>
</testsuite>
