<?xml version="1.0" encoding="UTF-8"?>
<!-- Generated by org.testng.reporters.JUnitReportReporter -->
<testsuite hostname="Pavel" name="T1_Login" tests="2" failures="0" timestamp="2 Jul 2015 16:31:34 GMT" time="7.732" errors="0">
  <testcase name="go_to_login" time="5.057" classname="T1_Login"/>
  <testcase name="do_login" time="2.675" classname="T1_Login"/>
</testsuite>
