<?xml version="1.0" encoding="UTF-8"?>
<!-- Generated by org.testng.reporters.JUnitReportReporter -->
<testsuite hostname="Pavel" name="T2_Goto_Contacts" tests="1" failures="0" timestamp="2 Jul 2015 16:31:34 GMT" time="1.197" errors="0">
  <testcase name="go_to_contacts" time="1.197" classname="T2_Goto_Contacts"/>
</testsuite>
