<?xml version="1.0" encoding="UTF-8"?>
<!-- Generated by org.testng.reporters.JUnitReportReporter -->
<testsuite hostname="Pavel" name="T4_Add_One_Email" tests="5" failures="0" timestamp="2 Jul 2015 16:31:34 GMT" time="2.678" errors="0">
  <testcase name="click_Add_for_new_list" time="0.977" classname="T4_Add_One_Email"/>
  <testcase name="click_AddContactsOneByOne" time="0.603" classname="T4_Add_One_Email"/>
  <testcase name="check_ReusePreviousEmail" time="0.089" classname="T4_Add_One_Email"/>
  <testcase name="click_addContactAndSendEmail" time="0.863" classname="T4_Add_One_Email"/>
  <testcase name="enter_email" time="0.146" classname="T4_Add_One_Email"/>
</testsuite>
