<?xml version="1.0" encoding="UTF-8"?>
<!-- Generated by org.testng.reporters.JUnitReportReporter -->
<testsuite hostname="Pavel" name="T5_Activate_Customer_Permission" tests="2" failures="0" timestamp="2 Jul 2015 16:31:34 GMT" time="39.076" errors="0">
  <testcase name="visit_url_to_activate_subscription" time="1.388" classname="T5_Activate_Customer_Permission"/>
  <testcase name="get_ConfirmationLinkFromCustomerEmailAccount" time="37.688" classname="T5_Activate_Customer_Permission"/>
</testsuite>
