<?xml version="1.0" encoding="UTF-8"?>
<!-- Generated by org.testng.reporters.JUnitReportReporter -->
<testsuite hostname="Pavel" name="T3_Create_a_List" tests="7" failures="0" timestamp="2 Jul 2015 16:31:34 GMT" time="5.759" errors="0">
  <testcase name="goto_Create_a_List" time="1.102" classname="T3_Create_a_List"/>
  <testcase name="check_AlwaysVisibleOnManageYourSubscriptionPage" time="0.061" classname="T3_Create_a_List"/>
  <testcase name="enter_list_description" time="0.178" classname="T3_Create_a_List"/>
  <testcase name="confirm_list_creation" time="0.021" classname="T3_Create_a_List"/>
  <testcase name="click_Save" time="1.343" classname="T3_Create_a_List"/>
  <testcase name="enter_list_name" time="0.345" classname="T3_Create_a_List"/>
  <testcase name="close_AssistanceBubbles" time="2.709" classname="T3_Create_a_List"/>
</testsuite>
