<?xml version="1.0" encoding="UTF-8"?>
<!-- Generated by org.testng.reporters.JUnitReportReporter -->
<testsuite hostname="Pavel" name="TestCase2" tests="3" failures="0" timestamp="2 Jul 2015 08:39:38 GMT" time="0.001" errors="0">
  <testcase name="hello3" time="0.000" classname="TestCase2"/>
  <testcase name="hello2" time="0.000" classname="TestCase2"/>
  <testcase name="hello1" time="0.001" classname="TestCase2"/>
</testsuite>
