<?xml version="1.0" encoding="UTF-8"?>
<!-- Generated by org.testng.reporters.JUnitReportReporter -->
<testsuite hostname="Pavel" name="T7_Send_The_Email" tests="6" failures="0" timestamp="2 Jul 2015 16:31:34 GMT" time="42.501" errors="0">
  <testcase name="confirm_CustomerReceiptOfEmail" time="30.759" classname="T7_Send_The_Email"/>
  <testcase name="click_ProceedToSend_Green" time="7.844" classname="T7_Send_The_Email"/>
  <testcase name="click_ProceedToSend_Blue" time="0.792" classname="T7_Send_The_Email"/>
  <testcase name="click_DeliverImmediately" time="0.947" classname="T7_Send_The_Email"/>
  <testcase name="select_List" time="2.063" classname="T7_Send_The_Email"/>
  <testcase name="initial_noSpamPromise" time="0.096" classname="T7_Send_The_Email"/>
</testsuite>
