<?xml version="1.0" encoding="UTF-8"?>
<!-- Generated by org.testng.reporters.JUnitReportReporter -->
<testsuite hostname="Pavel" name="T5_Confirm_the_confirmationEmail" tests="2" failures="0" timestamp="2 Jul 2015 15:36:49 GMT" time="4.263" errors="0">
  <testcase name="get_ConfirmationLinkFromCustomerEmailAccount" time="2.683" classname="T5_Confirm_the_confirmationEmail"/>
  <testcase name="visit_url_to_active_subscription" time="1.580" classname="T5_Confirm_the_confirmationEmail"/>
</testsuite>
